빌드 시작: 2013-11-29 오후 4:24:13
     1>2 노드의 "C:\Git Projects\metalslug_reboot\3dgameengine_cpp\3DGameEngine\3DGameEngine.vcxproj" 프로젝트(Build 대상)입니다.
       프로젝트 파일에 ToolsVersion="12.0"이(가) 들어 있습니다. 이 도구 집합은 알 수 없거나 누락되었을 수 있습니다. 이 경우 적절한 버전의 MSBuild를 설치하여 이 문제를 해결할 수 있습니다. 그렇지 않으면 빌드가 정책상의 이유로 특정 ToolsVersion이 될 수 있습니다. 프로젝트에 ToolsVersion="4.0"이 들어 있는 것으로 간주합니다. 자세한 내용은 http://go.microsoft.com/fwlink/?LinkId=291333을 참조하십시오.
     1>Link:
         C:\Program Files (x86)\Microsoft Visual Studio 11.0\VC\bin\link.exe /ERRORREPORT:PROMPT /OUT:"C:\Git Projects\metalslug_reboot\3dgameengine_cpp\Debug\3DGameEngine.exe" /INCREMENTAL /NOLOGO /LIBPATH:"D:\Common Libs\DevIL\lib" /LIBPATH:"D:\Common Libs\lua5.1\lib\dll" /LIBPATH:"D:\Common Libs\glew-1.10.0\lib\Release\Win32" /LIBPATH:"D:\Common Libs\freeglut-2.8.1\lib\x86\Debug" /LIBPATH:"D:\Common Libs\assimp\lib" glew32.lib ilu.lib ilut.lib devil.lib assimp.lib lua5.1.lib kernel32.lib user32.lib gdi32.lib winspool.lib comdlg32.lib advapi32.lib shell32.lib ole32.lib oleaut32.lib uuid.lib odbc32.lib odbccp32.lib /MANIFEST /MANIFESTUAC:"level='asInvoker' uiAccess='false'" /manifest:embed /DEBUG /PDB:"C:\Git Projects\metalslug_reboot\3dgameengine_cpp\Debug\3DGameEngine.pdb" /SUBSYSTEM:CONSOLE /TLBID:1 /DYNAMICBASE /NXCOMPAT /IMPLIB:"C:\Git Projects\metalslug_reboot\3dgameengine_cpp\Debug\3DGameEngine.lib" /MACHINE:X86 Debug\lights.obj
         Debug\camera.obj
         Debug\lua_backend.obj
         Debug\scene.obj
         Debug\input.obj
         Debug\mainComponent.obj
         Debug\material.obj
         Debug\mesh.obj
         Debug\mymath.obj
         Debug\object.obj
         Debug\renderUtil.obj
         Debug\shader.obj
         Debug\sprite2d.obj
         Debug\technique.obj
         Debug\texture.obj
         Debug\time.obj
         Debug\transform.obj
         Debug\vertex.obj
         Debug\window.obj
         3DGameEngine.vcxproj -> C:\Git Projects\metalslug_reboot\3dgameengine_cpp\Debug\3DGameEngine.exe
     1>"C:\Git Projects\metalslug_reboot\3dgameengine_cpp\3DGameEngine\3DGameEngine.vcxproj" 프로젝트를 빌드했습니다(Build 대상).

빌드했습니다.

경과 시간: 00:00:00.56
